2018-03-03 18:05:59 WEBSTORE : Watching 13 files/s 6 folder/s 
 2018-03-03 18:05:59 WEBSTORE : Install started 
 2018-03-03 18:05:59 WEBSTORE : Install in 0.105 s 
 2018-03-03 18:06:29 WEBSTORE : Watching 13 files/s 6 folder/s 
 2018-03-03 18:06:29 WEBSTORE : Install started 
 2018-03-03 18:06:29 WEBSTORE : Install in 0.044 s 
 2018-03-03 18:08:01 WEBSTORE : Watching 13 files/s 6 folder/s 
 2018-03-03 18:08:01 WEBSTORE : Install started 
 2018-03-03 18:08:01 WEBSTORE : Install in 0.080 s 
 2018-03-03 18:08:18 WEBSTORE : Watching 13 files/s 6 folder/s 
 2018-03-03 18:08:18 WEBSTORE : Install started 
 2018-03-03 18:08:18 WEBSTORE : Install in 0.081 s 
 2018-03-03 18:09:54 WEBSTORE : Watching 13 files/s 6 folder/s 
 2018-03-03 18:10:06 WEBSTORE : Watching 13 files/s 6 folder/s 
 2018-03-03 18:10:12 WEBSTORE : go changed /home/jeff/Documents/go/src/github.com/sir-wiggles/arc/pkg/webstore/twilio/twilio_test.go 
 2018-03-03 18:10:12 WEBSTORE : go changed /home/jeff/Documents/go/src/github.com/sir-wiggles/arc/pkg/webstore/twilio/twilio_test.go 
 2018-03-03 18:10:12 WEBSTORE : go changed /home/jeff/Documents/go/src/github.com/sir-wiggles/arc/pkg/webstore/twilio/twilio_test.go 
 2018-03-03 18:10:20 WEBSTORE : go changed /home/jeff/Documents/go/src/github.com/sir-wiggles/arc/pkg/webstore/twilio/twilio.go 
 2018-03-03 18:10:20 WEBSTORE : go changed /home/jeff/Documents/go/src/github.com/sir-wiggles/arc/pkg/webstore/twilio/twilio.go 
 2018-03-03 18:10:20 WEBSTORE : go changed /home/jeff/Documents/go/src/github.com/sir-wiggles/arc/pkg/webstore/twilio/twilio.go 
 2018-03-03 18:10:21 WEBSTORE : go changed /home/jeff/Documents/go/src/github.com/sir-wiggles/arc/pkg/webstore/twilio/twilio.go 
 2018-03-03 18:10:27 WEBSTORE : go changed /home/jeff/Documents/go/src/github.com/sir-wiggles/arc/pkg/webstore/twilio/twilio.go 
 2018-03-03 18:10:27 WEBSTORE : go changed /home/jeff/Documents/go/src/github.com/sir-wiggles/arc/pkg/webstore/twilio/twilio.go 
 2018-03-03 18:10:38 WEBSTORE : go changed /home/jeff/Documents/go/src/github.com/sir-wiggles/arc/pkg/webstore/twilio/twilio_test.go 
 2018-03-03 18:10:38 WEBSTORE : go changed /home/jeff/Documents/go/src/github.com/sir-wiggles/arc/pkg/webstore/twilio/twilio_test.go 
 2018-03-03 18:10:47 WEBSTORE : go changed /home/jeff/Documents/go/src/github.com/sir-wiggles/arc/pkg/webstore/twilio/twilio_test.go 
 2018-03-03 18:10:47 WEBSTORE : go changed /home/jeff/Documents/go/src/github.com/sir-wiggles/arc/pkg/webstore/twilio/twilio_test.go 
 2018-03-03 18:21:51 WEBSTORE : go changed /home/jeff/Documents/go/src/github.com/sir-wiggles/arc/pkg/webstore/twilio/twilio.go 
 2018-03-03 18:21:51 WEBSTORE : go changed /home/jeff/Documents/go/src/github.com/sir-wiggles/arc/pkg/webstore/twilio/twilio.go 
 2018-03-03 18:23:17 WEBSTORE : go changed /home/jeff/Documents/go/src/github.com/sir-wiggles/arc/pkg/webstore/twilio/twilio.go 
 2018-03-03 18:23:17 WEBSTORE : go changed /home/jeff/Documents/go/src/github.com/sir-wiggles/arc/pkg/webstore/twilio/twilio.go 
 2018-03-03 18:28:52 WEBSTORE : go changed /home/jeff/Documents/go/src/github.com/sir-wiggles/arc/pkg/webstore/twilio/twilio.go 
 2018-03-03 18:28:52 WEBSTORE : go changed /home/jeff/Documents/go/src/github.com/sir-wiggles/arc/pkg/webstore/twilio/twilio.go 
 2018-03-03 18:29:58 WEBSTORE : go changed /home/jeff/Documents/go/src/github.com/sir-wiggles/arc/pkg/webstore/twilio/twilio.go 
 2018-03-03 18:29:58 WEBSTORE : go changed /home/jeff/Documents/go/src/github.com/sir-wiggles/arc/pkg/webstore/twilio/twilio.go 
 2018-03-03 18:30:45 WEBSTORE : go changed /home/jeff/Documents/go/src/github.com/sir-wiggles/arc/pkg/webstore/twilio/twilio.go 
 2018-03-03 18:30:45 WEBSTORE : go changed /home/jeff/Documents/go/src/github.com/sir-wiggles/arc/pkg/webstore/twilio/twilio.go 
 2018-03-03 18:30:57 WEBSTORE : go changed /home/jeff/Documents/go/src/github.com/sir-wiggles/arc/pkg/webstore/twilio/twilio.go 
 2018-03-03 18:30:57 WEBSTORE : go changed /home/jeff/Documents/go/src/github.com/sir-wiggles/arc/pkg/webstore/twilio/twilio.go 
 2018-03-03 18:37:01 WEBSTORE : go changed /home/jeff/Documents/go/src/github.com/sir-wiggles/arc/pkg/webstore/twilio/twilio.go 
 2018-03-03 18:37:01 WEBSTORE : go changed /home/jeff/Documents/go/src/github.com/sir-wiggles/arc/pkg/webstore/twilio/twilio.go 
 2018-03-03 18:38:09 WEBSTORE : go changed /home/jeff/Documents/go/src/github.com/sir-wiggles/arc/pkg/webstore/twilio/twilio.go 
 2018-03-03 18:38:09 WEBSTORE : go changed /home/jeff/Documents/go/src/github.com/sir-wiggles/arc/pkg/webstore/twilio/twilio.go 
 2018-03-03 18:40:11 WEBSTORE : go changed /home/jeff/Documents/go/src/github.com/sir-wiggles/arc/pkg/webstore/twilio/twilio.go 
 2018-03-03 18:40:11 WEBSTORE : go changed /home/jeff/Documents/go/src/github.com/sir-wiggles/arc/pkg/webstore/twilio/twilio.go 
 2018-03-03 18:41:31 WEBSTORE : go changed /home/jeff/Documents/go/src/github.com/sir-wiggles/arc/pkg/webstore/twilio/twilio.go 
 2018-03-03 18:41:31 WEBSTORE : go changed /home/jeff/Documents/go/src/github.com/sir-wiggles/arc/pkg/webstore/twilio/twilio.go 
 2018-03-03 18:41:44 WEBSTORE : go changed /home/jeff/Documents/go/src/github.com/sir-wiggles/arc/pkg/webstore/twilio/twilio.go 
 2018-03-03 18:41:44 WEBSTORE : go changed /home/jeff/Documents/go/src/github.com/sir-wiggles/arc/pkg/webstore/twilio/twilio.go 
 2018-03-03 18:41:59 WEBSTORE : go changed /home/jeff/Documents/go/src/github.com/sir-wiggles/arc/pkg/webstore/twilio/twilio.go 
 2018-03-03 18:41:59 WEBSTORE : go changed /home/jeff/Documents/go/src/github.com/sir-wiggles/arc/pkg/webstore/twilio/twilio.go 
 2018-03-03 18:42:12 WEBSTORE : go changed /home/jeff/Documents/go/src/github.com/sir-wiggles/arc/pkg/webstore/twilio/twilio.go 
 2018-03-03 18:42:12 WEBSTORE : go changed /home/jeff/Documents/go/src/github.com/sir-wiggles/arc/pkg/webstore/twilio/twilio.go 
 2018-03-03 18:42:32 WEBSTORE : go changed /home/jeff/Documents/go/src/github.com/sir-wiggles/arc/pkg/webstore/twilio/twilio.go 
 2018-03-03 18:42:32 WEBSTORE : go changed /home/jeff/Documents/go/src/github.com/sir-wiggles/arc/pkg/webstore/twilio/twilio.go 
 2018-03-03 18:42:38 WEBSTORE : go changed /home/jeff/Documents/go/src/github.com/sir-wiggles/arc/pkg/webstore/twilio/twilio.go 
 2018-03-03 18:42:38 WEBSTORE : go changed /home/jeff/Documents/go/src/github.com/sir-wiggles/arc/pkg/webstore/twilio/twilio.go 
 2018-03-03 18:42:47 WEBSTORE : go changed /home/jeff/Documents/go/src/github.com/sir-wiggles/arc/pkg/webstore/twilio/twilio.go 
 2018-03-03 18:42:47 WEBSTORE : go changed /home/jeff/Documents/go/src/github.com/sir-wiggles/arc/pkg/webstore/twilio/twilio.go 
 2018-03-03 18:42:58 WEBSTORE : go changed /home/jeff/Documents/go/src/github.com/sir-wiggles/arc/pkg/webstore/twilio/twilio.go 
 2018-03-03 18:42:58 WEBSTORE : go changed /home/jeff/Documents/go/src/github.com/sir-wiggles/arc/pkg/webstore/twilio/twilio.go 
 2018-03-03 18:43:25 WEBSTORE : go changed /home/jeff/Documents/go/src/github.com/sir-wiggles/arc/pkg/webstore/twilio/twilio.go 
 2018-03-03 18:43:25 WEBSTORE : go changed /home/jeff/Documents/go/src/github.com/sir-wiggles/arc/pkg/webstore/twilio/twilio.go 
 2018-03-03 18:43:38 WEBSTORE : go changed /home/jeff/Documents/go/src/github.com/sir-wiggles/arc/pkg/webstore/twilio/twilio.go 
 2018-03-03 18:43:38 WEBSTORE : go changed /home/jeff/Documents/go/src/github.com/sir-wiggles/arc/pkg/webstore/twilio/twilio.go 
 2018-03-03 18:44:18 WEBSTORE : go changed /home/jeff/Documents/go/src/github.com/sir-wiggles/arc/pkg/webstore/twilio/twilio.go 
 2018-03-03 18:44:18 WEBSTORE : go changed /home/jeff/Documents/go/src/github.com/sir-wiggles/arc/pkg/webstore/twilio/twilio.go 
 2018-03-03 18:44:36 WEBSTORE : go changed /home/jeff/Documents/go/src/github.com/sir-wiggles/arc/pkg/webstore/twilio/twilio.go 
 2018-03-03 18:44:36 WEBSTORE : go changed /home/jeff/Documents/go/src/github.com/sir-wiggles/arc/pkg/webstore/twilio/twilio.go 
 2018-03-03 18:44:57 WEBSTORE : go changed /home/jeff/Documents/go/src/github.com/sir-wiggles/arc/pkg/webstore/twilio/twilio.go 
 2018-03-03 18:44:57 WEBSTORE : go changed /home/jeff/Documents/go/src/github.com/sir-wiggles/arc/pkg/webstore/twilio/twilio.go 
 2018-03-03 18:45:26 WEBSTORE : go changed /home/jeff/Documents/go/src/github.com/sir-wiggles/arc/pkg/webstore/twilio/twilio.go 
 2018-03-03 18:45:26 WEBSTORE : go changed /home/jeff/Documents/go/src/github.com/sir-wiggles/arc/pkg/webstore/twilio/twilio.go 
 2018-03-03 18:45:48 WEBSTORE : go changed /home/jeff/Documents/go/src/github.com/sir-wiggles/arc/pkg/webstore/twilio/twilio.go 
 2018-03-03 18:45:48 WEBSTORE : go changed /home/jeff/Documents/go/src/github.com/sir-wiggles/arc/pkg/webstore/twilio/twilio.go 
 2018-03-03 18:46:32 WEBSTORE : go changed /home/jeff/Documents/go/src/github.com/sir-wiggles/arc/pkg/webstore/twilio/twilio.go 
 2018-03-03 18:46:32 WEBSTORE : go changed /home/jeff/Documents/go/src/github.com/sir-wiggles/arc/pkg/webstore/twilio/twilio.go 
 2018-03-03 19:04:11 WEBSTORE : go changed /home/jeff/Documents/go/src/github.com/sir-wiggles/arc/pkg/webstore/twilio/twilio.go 
 2018-03-03 19:04:11 WEBSTORE : go changed /home/jeff/Documents/go/src/github.com/sir-wiggles/arc/pkg/webstore/twilio/twilio.go 
 2018-03-03 19:04:32 WEBSTORE : go changed /home/jeff/Documents/go/src/github.com/sir-wiggles/arc/pkg/webstore/twilio/twilio.go 
 2018-03-03 19:04:32 WEBSTORE : go changed /home/jeff/Documents/go/src/github.com/sir-wiggles/arc/pkg/webstore/twilio/twilio.go 
 2018-03-03 19:05:21 WEBSTORE : go changed /home/jeff/Documents/go/src/github.com/sir-wiggles/arc/pkg/webstore/twilio/twilio.go 
 2018-03-03 19:05:21 WEBSTORE : go changed /home/jeff/Documents/go/src/github.com/sir-wiggles/arc/pkg/webstore/twilio/twilio.go 
 2018-03-03 19:05:36 WEBSTORE : go changed /home/jeff/Documents/go/src/github.com/sir-wiggles/arc/pkg/webstore/twilio/twilio.go 
 2018-03-03 19:05:36 WEBSTORE : go changed /home/jeff/Documents/go/src/github.com/sir-wiggles/arc/pkg/webstore/twilio/twilio.go 
 2018-03-03 19:06:17 WEBSTORE : Watching 13 files/s 6 folder/s 
 2018-03-03 19:10:12 WEBSTORE : Watching 13 files/s 6 folder/s 
 2018-03-03 19:10:16 WEBSTORE : go changed /home/jeff/Documents/go/src/github.com/sir-wiggles/arc/pkg/webstore/twilio/twilio_test.go 
 2018-03-03 19:10:16 WEBSTORE : go changed /home/jeff/Documents/go/src/github.com/sir-wiggles/arc/pkg/webstore/twilio/twilio_test.go 
 2018-03-03 19:10:16 WEBSTORE : go changed /home/jeff/Documents/go/src/github.com/sir-wiggles/arc/pkg/webstore/twilio/twilio_test.go 
 2018-03-03 19:10:30 WEBSTORE : go changed /home/jeff/Documents/go/src/github.com/sir-wiggles/arc/pkg/webstore/twilio/twilio_test.go 
 2018-03-03 19:10:30 WEBSTORE : go changed /home/jeff/Documents/go/src/github.com/sir-wiggles/arc/pkg/webstore/twilio/twilio_test.go 
 2018-03-03 19:40:35 WEBSTORE : go changed /home/jeff/Documents/go/src/github.com/sir-wiggles/arc/pkg/webstore/twilio/twilio_test.go 
 2018-03-03 19:40:35 WEBSTORE : go changed /home/jeff/Documents/go/src/github.com/sir-wiggles/arc/pkg/webstore/twilio/twilio_test.go 
 2018-03-03 19:51:30 WEBSTORE : go changed /home/jeff/Documents/go/src/github.com/sir-wiggles/arc/pkg/webstore/twilio/twilio_test.go 
 2018-03-03 19:51:30 WEBSTORE : go changed /home/jeff/Documents/go/src/github.com/sir-wiggles/arc/pkg/webstore/twilio/twilio_test.go 
 2018-03-03 19:59:20 WEBSTORE : go changed /home/jeff/Documents/go/src/github.com/sir-wiggles/arc/pkg/webstore/twilio/twilio_test.go 
 2018-03-03 19:59:20 WEBSTORE : go changed /home/jeff/Documents/go/src/github.com/sir-wiggles/arc/pkg/webstore/twilio/twilio_test.go 
 2018-03-03 20:00:14 WEBSTORE : go changed /home/jeff/Documents/go/src/github.com/sir-wiggles/arc/pkg/webstore/twilio/twilio_test.go 
 2018-03-03 20:00:14 WEBSTORE : go changed /home/jeff/Documents/go/src/github.com/sir-wiggles/arc/pkg/webstore/twilio/twilio_test.go 
 2018-03-03 20:00:31 WEBSTORE : go changed /home/jeff/Documents/go/src/github.com/sir-wiggles/arc/pkg/webstore/twilio/twilio_test.go 
 2018-03-03 20:00:31 WEBSTORE : go changed /home/jeff/Documents/go/src/github.com/sir-wiggles/arc/pkg/webstore/twilio/twilio_test.go 
 2018-03-03 20:00:57 WEBSTORE : go changed /home/jeff/Documents/go/src/github.com/sir-wiggles/arc/pkg/webstore/twilio/twilio_test.go 
 2018-03-03 20:00:57 WEBSTORE : go changed /home/jeff/Documents/go/src/github.com/sir-wiggles/arc/pkg/webstore/twilio/twilio_test.go 
 2018-03-03 20:01:26 WEBSTORE : go changed /home/jeff/Documents/go/src/github.com/sir-wiggles/arc/pkg/webstore/twilio/twilio_test.go 
 2018-03-03 20:01:26 WEBSTORE : go changed /home/jeff/Documents/go/src/github.com/sir-wiggles/arc/pkg/webstore/twilio/twilio_test.go 
 2018-03-03 20:02:13 WEBSTORE : go changed /home/jeff/Documents/go/src/github.com/sir-wiggles/arc/pkg/webstore/twilio/twilio_test.go 
 2018-03-03 20:02:13 WEBSTORE : go changed /home/jeff/Documents/go/src/github.com/sir-wiggles/arc/pkg/webstore/twilio/twilio_test.go 
 2018-03-03 20:02:50 WEBSTORE : go changed /home/jeff/Documents/go/src/github.com/sir-wiggles/arc/pkg/webstore/twilio/twilio_test.go 
 2018-03-03 20:02:50 WEBSTORE : go changed /home/jeff/Documents/go/src/github.com/sir-wiggles/arc/pkg/webstore/twilio/twilio_test.go 
 2018-03-03 20:02:57 WEBSTORE : go changed /home/jeff/Documents/go/src/github.com/sir-wiggles/arc/pkg/webstore/twilio/twilio_test.go 
 2018-03-03 20:02:57 WEBSTORE : go changed /home/jeff/Documents/go/src/github.com/sir-wiggles/arc/pkg/webstore/twilio/twilio_test.go 
 2018-03-03 20:04:11 WEBSTORE : go changed /home/jeff/Documents/go/src/github.com/sir-wiggles/arc/pkg/webstore/twilio/twilio_test.go 
 2018-03-03 20:04:11 WEBSTORE : go changed /home/jeff/Documents/go/src/github.com/sir-wiggles/arc/pkg/webstore/twilio/twilio_test.go 
 2018-03-03 20:04:20 WEBSTORE : go changed /home/jeff/Documents/go/src/github.com/sir-wiggles/arc/pkg/webstore/twilio/twilio_test.go 
 2018-03-03 20:04:20 WEBSTORE : go changed /home/jeff/Documents/go/src/github.com/sir-wiggles/arc/pkg/webstore/twilio/twilio_test.go 
 2018-03-03 20:04:34 WEBSTORE : go changed /home/jeff/Documents/go/src/github.com/sir-wiggles/arc/pkg/webstore/twilio/twilio_test.go 
 2018-03-03 20:04:34 WEBSTORE : go changed /home/jeff/Documents/go/src/github.com/sir-wiggles/arc/pkg/webstore/twilio/twilio_test.go 
 2018-03-03 20:04:50 WEBSTORE : go changed /home/jeff/Documents/go/src/github.com/sir-wiggles/arc/pkg/webstore/twilio/twilio_test.go 
 2018-03-03 20:04:50 WEBSTORE : go changed /home/jeff/Documents/go/src/github.com/sir-wiggles/arc/pkg/webstore/twilio/twilio_test.go 
 2018-03-03 20:04:58 WEBSTORE : go changed /home/jeff/Documents/go/src/github.com/sir-wiggles/arc/pkg/webstore/twilio/twilio_test.go 
 2018-03-03 20:04:58 WEBSTORE : go changed /home/jeff/Documents/go/src/github.com/sir-wiggles/arc/pkg/webstore/twilio/twilio_test.go 
 2018-03-03 20:05:05 WEBSTORE : go changed /home/jeff/Documents/go/src/github.com/sir-wiggles/arc/pkg/webstore/twilio/twilio_test.go 
 2018-03-03 20:05:05 WEBSTORE : go changed /home/jeff/Documents/go/src/github.com/sir-wiggles/arc/pkg/webstore/twilio/twilio_test.go 
 2018-03-03 20:05:06 WEBSTORE : go changed /home/jeff/Documents/go/src/github.com/sir-wiggles/arc/pkg/webstore/twilio/twilio_test.go 
 2018-03-03 20:05:50 WEBSTORE : go changed /home/jeff/Documents/go/src/github.com/sir-wiggles/arc/pkg/webstore/twilio/twilio_test.go 
 2018-03-03 20:05:50 WEBSTORE : go changed /home/jeff/Documents/go/src/github.com/sir-wiggles/arc/pkg/webstore/twilio/twilio_test.go 
 2018-03-03 20:05:58 WEBSTORE : go changed /home/jeff/Documents/go/src/github.com/sir-wiggles/arc/pkg/webstore/twilio/twilio_test.go 
 2018-03-03 20:05:58 WEBSTORE : go changed /home/jeff/Documents/go/src/github.com/sir-wiggles/arc/pkg/webstore/twilio/twilio_test.go 
 2018-03-03 21:51:18 WEBSTORE : go changed /home/jeff/Documents/go/src/github.com/sir-wiggles/arc/pkg/webstore/twilio/twilio_test.go 
 2018-03-03 21:51:18 WEBSTORE : go changed /home/jeff/Documents/go/src/github.com/sir-wiggles/arc/pkg/webstore/twilio/twilio_test.go 
 2018-03-03 21:52:34 WEBSTORE : go changed /home/jeff/Documents/go/src/github.com/sir-wiggles/arc/pkg/webstore/twilio/twilio_test.go 
 2018-03-03 21:52:34 WEBSTORE : go changed /home/jeff/Documents/go/src/github.com/sir-wiggles/arc/pkg/webstore/twilio/twilio_test.go 
 2018-03-03 21:53:34 WEBSTORE : go changed /home/jeff/Documents/go/src/github.com/sir-wiggles/arc/pkg/webstore/twilio/twilio_test.go 
 2018-03-03 21:53:34 WEBSTORE : go changed /home/jeff/Documents/go/src/github.com/sir-wiggles/arc/pkg/webstore/twilio/twilio_test.go 
 2018-03-03 21:53:48 WEBSTORE : go changed /home/jeff/Documents/go/src/github.com/sir-wiggles/arc/pkg/webstore/twilio/twilio_test.go 
 2018-03-03 21:53:48 WEBSTORE : go changed /home/jeff/Documents/go/src/github.com/sir-wiggles/arc/pkg/webstore/twilio/twilio_test.go 
 2018-03-03 21:55:46 WEBSTORE : go changed /home/jeff/Documents/go/src/github.com/sir-wiggles/arc/pkg/webstore/twilio/twilio_test.go 
 2018-03-03 21:55:46 WEBSTORE : go changed /home/jeff/Documents/go/src/github.com/sir-wiggles/arc/pkg/webstore/twilio/twilio_test.go 
 2018-03-03 21:58:26 WEBSTORE : go changed /home/jeff/Documents/go/src/github.com/sir-wiggles/arc/pkg/webstore/twilio/twilio_test.go 
 2018-03-03 21:58:26 WEBSTORE : go changed /home/jeff/Documents/go/src/github.com/sir-wiggles/arc/pkg/webstore/twilio/twilio_test.go 
 2018-03-03 21:58:40 WEBSTORE : go changed /home/jeff/Documents/go/src/github.com/sir-wiggles/arc/pkg/webstore/twilio/twilio_test.go 
 2018-03-03 21:58:40 WEBSTORE : go changed /home/jeff/Documents/go/src/github.com/sir-wiggles/arc/pkg/webstore/twilio/twilio_test.go 
 2018-03-03 21:59:31 WEBSTORE : go changed /home/jeff/Documents/go/src/github.com/sir-wiggles/arc/pkg/webstore/twilio/twilio_test.go 
 2018-03-03 21:59:31 WEBSTORE : go changed /home/jeff/Documents/go/src/github.com/sir-wiggles/arc/pkg/webstore/twilio/twilio_test.go 
 2018-03-03 22:00:13 WEBSTORE : go changed /home/jeff/Documents/go/src/github.com/sir-wiggles/arc/pkg/webstore/twilio/twilio_test.go 
 2018-03-03 22:00:13 WEBSTORE : go changed /home/jeff/Documents/go/src/github.com/sir-wiggles/arc/pkg/webstore/twilio/twilio_test.go 
 2018-03-03 22:00:14 WEBSTORE : go changed /home/jeff/Documents/go/src/github.com/sir-wiggles/arc/pkg/webstore/twilio/twilio_test.go 
 2018-03-03 22:00:24 WEBSTORE : go changed /home/jeff/Documents/go/src/github.com/sir-wiggles/arc/pkg/webstore/twilio/twilio_test.go 
 2018-03-03 22:00:24 WEBSTORE : go changed /home/jeff/Documents/go/src/github.com/sir-wiggles/arc/pkg/webstore/twilio/twilio_test.go 
 2018-03-03 22:01:04 WEBSTORE : go changed /home/jeff/Documents/go/src/github.com/sir-wiggles/arc/pkg/webstore/twilio/twilio_test.go 
 2018-03-03 22:01:04 WEBSTORE : go changed /home/jeff/Documents/go/src/github.com/sir-wiggles/arc/pkg/webstore/twilio/twilio_test.go 
 2018-03-03 22:02:42 WEBSTORE : go changed /home/jeff/Documents/go/src/github.com/sir-wiggles/arc/pkg/webstore/twilio/twilio_test.go 
 2018-03-03 22:02:42 WEBSTORE : go changed /home/jeff/Documents/go/src/github.com/sir-wiggles/arc/pkg/webstore/twilio/twilio_test.go 
 2018-03-03 22:02:43 WEBSTORE : go changed /home/jeff/Documents/go/src/github.com/sir-wiggles/arc/pkg/webstore/twilio/twilio_test.go 
 2018-03-03 22:03:05 WEBSTORE : go changed /home/jeff/Documents/go/src/github.com/sir-wiggles/arc/pkg/webstore/twilio/twilio_test.go 
 2018-03-03 22:03:05 WEBSTORE : go changed /home/jeff/Documents/go/src/github.com/sir-wiggles/arc/pkg/webstore/twilio/twilio_test.go 
 2018-03-03 22:04:20 WEBSTORE : go changed /home/jeff/Documents/go/src/github.com/sir-wiggles/arc/pkg/webstore/twilio/twilio_test.go 
 2018-03-03 22:04:20 WEBSTORE : go changed /home/jeff/Documents/go/src/github.com/sir-wiggles/arc/pkg/webstore/twilio/twilio_test.go 
 2018-03-03 22:05:39 WEBSTORE : go changed /home/jeff/Documents/go/src/github.com/sir-wiggles/arc/pkg/webstore/twilio/twilio_test.go 
 2018-03-03 22:05:39 WEBSTORE : go changed /home/jeff/Documents/go/src/github.com/sir-wiggles/arc/pkg/webstore/twilio/twilio_test.go 
 2018-03-03 22:19:51 WEBSTORE : go changed /home/jeff/Documents/go/src/github.com/sir-wiggles/arc/pkg/webstore/twilio/twilio.go 
 2018-03-03 22:20:06 WEBSTORE : go changed /home/jeff/Documents/go/src/github.com/sir-wiggles/arc/pkg/webstore/twilio/twilio.go 
 2018-03-03 22:20:06 WEBSTORE : go changed /home/jeff/Documents/go/src/github.com/sir-wiggles/arc/pkg/webstore/twilio/twilio.go 
 2018-03-03 22:20:37 WEBSTORE : go changed /home/jeff/Documents/go/src/github.com/sir-wiggles/arc/pkg/webstore/twilio/twilio.go 
 2018-03-03 22:20:37 WEBSTORE : go changed /home/jeff/Documents/go/src/github.com/sir-wiggles/arc/pkg/webstore/twilio/twilio.go 
 2018-03-03 22:20:40 WEBSTORE : go changed /home/jeff/Documents/go/src/github.com/sir-wiggles/arc/pkg/webstore/twilio/twilio.go 
 2018-03-03 22:20:40 WEBSTORE : go changed /home/jeff/Documents/go/src/github.com/sir-wiggles/arc/pkg/webstore/twilio/twilio.go 
 2018-03-03 22:32:02 WEBSTORE : go changed /home/jeff/Documents/go/src/github.com/sir-wiggles/arc/pkg/webstore/twilio/twilio.go 
 2018-03-03 22:32:02 WEBSTORE : go changed /home/jeff/Documents/go/src/github.com/sir-wiggles/arc/pkg/webstore/twilio/twilio.go 
 2018-03-03 22:32:03 WEBSTORE : go changed /home/jeff/Documents/go/src/github.com/sir-wiggles/arc/pkg/webstore/twilio/twilio.go 
 2018-03-03 22:32:35 WEBSTORE : go changed /home/jeff/Documents/go/src/github.com/sir-wiggles/arc/pkg/webstore/twilio/twilio.go 
 2018-03-03 22:32:35 WEBSTORE : go changed /home/jeff/Documents/go/src/github.com/sir-wiggles/arc/pkg/webstore/twilio/twilio.go 
 2018-03-03 22:32:52 WEBSTORE : go changed /home/jeff/Documents/go/src/github.com/sir-wiggles/arc/pkg/webstore/twilio/twilio.go 
 2018-03-03 22:32:52 WEBSTORE : go changed /home/jeff/Documents/go/src/github.com/sir-wiggles/arc/pkg/webstore/twilio/twilio.go 
 2018-03-03 22:32:53 WEBSTORE : go changed /home/jeff/Documents/go/src/github.com/sir-wiggles/arc/pkg/webstore/twilio/twilio.go 
 2018-03-03 22:33:24 WEBSTORE : go changed /home/jeff/Documents/go/src/github.com/sir-wiggles/arc/pkg/webstore/twilio/twilio.go 
 2018-03-03 22:33:24 WEBSTORE : go changed /home/jeff/Documents/go/src/github.com/sir-wiggles/arc/pkg/webstore/twilio/twilio.go 
 2018-03-03 22:35:33 WEBSTORE : go changed /home/jeff/Documents/go/src/github.com/sir-wiggles/arc/pkg/webstore/twilio/twilio.go 
 2018-03-03 22:35:33 WEBSTORE : go changed /home/jeff/Documents/go/src/github.com/sir-wiggles/arc/pkg/webstore/twilio/twilio.go 
 2018-03-03 22:35:56 WEBSTORE : go changed /home/jeff/Documents/go/src/github.com/sir-wiggles/arc/pkg/webstore/twilio/twilio.go 
 2018-03-03 22:35:56 WEBSTORE : go changed /home/jeff/Documents/go/src/github.com/sir-wiggles/arc/pkg/webstore/twilio/twilio.go 
 2018-03-03 22:36:32 WEBSTORE : go changed /home/jeff/Documents/go/src/github.com/sir-wiggles/arc/pkg/webstore/twilio/twilio.go 
 2018-03-03 22:36:32 WEBSTORE : go changed /home/jeff/Documents/go/src/github.com/sir-wiggles/arc/pkg/webstore/twilio/twilio.go 
 2018-03-03 22:36:33 WEBSTORE : go changed /home/jeff/Documents/go/src/github.com/sir-wiggles/arc/pkg/webstore/twilio/twilio.go 
 2018-03-03 22:37:34 WEBSTORE : go changed /home/jeff/Documents/go/src/github.com/sir-wiggles/arc/pkg/webstore/twilio/twilio.go 
 2018-03-03 22:37:34 WEBSTORE : go changed /home/jeff/Documents/go/src/github.com/sir-wiggles/arc/pkg/webstore/twilio/twilio.go 
 2018-03-03 22:37:58 WEBSTORE : go changed /home/jeff/Documents/go/src/github.com/sir-wiggles/arc/pkg/webstore/twilio/twilio.go 
 2018-03-03 22:37:58 WEBSTORE : go changed /home/jeff/Documents/go/src/github.com/sir-wiggles/arc/pkg/webstore/twilio/twilio.go 
 2018-03-03 22:38:34 WEBSTORE : go changed /home/jeff/Documents/go/src/github.com/sir-wiggles/arc/pkg/webstore/twilio/twilio.go 
 2018-03-03 22:38:34 WEBSTORE : go changed /home/jeff/Documents/go/src/github.com/sir-wiggles/arc/pkg/webstore/twilio/twilio.go 
 2018-03-03 22:38:45 WEBSTORE : go changed /home/jeff/Documents/go/src/github.com/sir-wiggles/arc/pkg/webstore/twilio/twilio.go 
 2018-03-03 22:38:45 WEBSTORE : go changed /home/jeff/Documents/go/src/github.com/sir-wiggles/arc/pkg/webstore/twilio/twilio.go 
 2018-03-03 22:38:46 WEBSTORE : go changed /home/jeff/Documents/go/src/github.com/sir-wiggles/arc/pkg/webstore/twilio/twilio.go 
 2018-03-03 22:39:13 WEBSTORE : go changed /home/jeff/Documents/go/src/github.com/sir-wiggles/arc/pkg/webstore/twilio/twilio.go 
 2018-03-03 22:39:13 WEBSTORE : go changed /home/jeff/Documents/go/src/github.com/sir-wiggles/arc/pkg/webstore/twilio/twilio.go 
 2018-03-03 22:39:53 WEBSTORE : go changed /home/jeff/Documents/go/src/github.com/sir-wiggles/arc/pkg/webstore/twilio/twilio.go 
 2018-03-03 22:39:53 WEBSTORE : go changed /home/jeff/Documents/go/src/github.com/sir-wiggles/arc/pkg/webstore/twilio/twilio.go 
 2018-03-03 22:43:11 WEBSTORE : go changed /home/jeff/Documents/go/src/github.com/sir-wiggles/arc/pkg/webstore/twilio/twilio.go 
 2018-03-03 22:43:34 WEBSTORE : go changed /home/jeff/Documents/go/src/github.com/sir-wiggles/arc/pkg/webstore/twilio/twilio.go 
 2018-03-03 22:43:34 WEBSTORE : go changed /home/jeff/Documents/go/src/github.com/sir-wiggles/arc/pkg/webstore/twilio/twilio.go 
 2018-03-03 22:43:43 WEBSTORE : go changed /home/jeff/Documents/go/src/github.com/sir-wiggles/arc/pkg/webstore/twilio/twilio.go 
 2018-03-03 22:43:43 WEBSTORE : go changed /home/jeff/Documents/go/src/github.com/sir-wiggles/arc/pkg/webstore/twilio/twilio.go 
 2018-03-03 22:44:12 WEBSTORE : go changed /home/jeff/Documents/go/src/github.com/sir-wiggles/arc/pkg/webstore/twilio/twilio.go 
 2018-03-03 22:44:12 WEBSTORE : go changed /home/jeff/Documents/go/src/github.com/sir-wiggles/arc/pkg/webstore/twilio/twilio.go 
 2018-03-03 22:44:31 WEBSTORE : go changed /home/jeff/Documents/go/src/github.com/sir-wiggles/arc/pkg/webstore/twilio/twilio.go 
 2018-03-03 22:44:31 WEBSTORE : go changed /home/jeff/Documents/go/src/github.com/sir-wiggles/arc/pkg/webstore/twilio/twilio.go 
 2018-03-03 22:44:51 WEBSTORE : go changed /home/jeff/Documents/go/src/github.com/sir-wiggles/arc/pkg/webstore/twilio/twilio.go 
 2018-03-03 22:44:51 WEBSTORE : go changed /home/jeff/Documents/go/src/github.com/sir-wiggles/arc/pkg/webstore/twilio/twilio.go 
 2018-03-03 22:44:54 WEBSTORE : go changed /home/jeff/Documents/go/src/github.com/sir-wiggles/arc/pkg/webstore/twilio/twilio.go 
 2018-03-03 22:44:54 WEBSTORE : go changed /home/jeff/Documents/go/src/github.com/sir-wiggles/arc/pkg/webstore/twilio/twilio.go 
 2018-03-03 22:45:47 WEBSTORE : go changed /home/jeff/Documents/go/src/github.com/sir-wiggles/arc/pkg/webstore/twilio/twilio.go 
 2018-03-03 22:45:47 WEBSTORE : go changed /home/jeff/Documents/go/src/github.com/sir-wiggles/arc/pkg/webstore/twilio/twilio.go 
 2018-03-03 22:46:12 WEBSTORE : go changed /home/jeff/Documents/go/src/github.com/sir-wiggles/arc/pkg/webstore/twilio/twilio.go 
 2018-03-03 22:46:12 WEBSTORE : go changed /home/jeff/Documents/go/src/github.com/sir-wiggles/arc/pkg/webstore/twilio/twilio.go 
 2018-03-03 22:46:13 WEBSTORE : go changed /home/jeff/Documents/go/src/github.com/sir-wiggles/arc/pkg/webstore/twilio/twilio.go 
 2018-03-03 22:46:42 WEBSTORE : go changed /home/jeff/Documents/go/src/github.com/sir-wiggles/arc/pkg/webstore/twilio/twilio.go 
 2018-03-03 22:46:42 WEBSTORE : go changed /home/jeff/Documents/go/src/github.com/sir-wiggles/arc/pkg/webstore/twilio/twilio.go 
 2018-03-03 22:50:53 WEBSTORE : go changed /home/jeff/Documents/go/src/github.com/sir-wiggles/arc/pkg/webstore/twilio/twilio.go 
 2018-03-03 22:50:53 WEBSTORE : go changed /home/jeff/Documents/go/src/github.com/sir-wiggles/arc/pkg/webstore/twilio/twilio.go 
 2018-03-03 22:50:57 WEBSTORE : go changed /home/jeff/Documents/go/src/github.com/sir-wiggles/arc/pkg/webstore/twilio/twilio.go 
 2018-03-03 22:50:57 WEBSTORE : go changed /home/jeff/Documents/go/src/github.com/sir-wiggles/arc/pkg/webstore/twilio/twilio.go 
 